i:\d3d8-wrapper-master\d3d8-wrapper-master\build\obj\win32\release\vc143.pdb
i:\d3d8-wrapper-master\d3d8-wrapper-master\build\obj\win32\release\dllmain.obj
i:\d3d8-wrapper-master\d3d8-wrapper-master\build\obj\win32\release\interfacequery.obj
i:\d3d8-wrapper-master\d3d8-wrapper-master\build\obj\win32\release\idirect3dvolumetexture8.obj
i:\d3d8-wrapper-master\d3d8-wrapper-master\build\obj\win32\release\idirect3dvolume8.obj
i:\d3d8-wrapper-master\d3d8-wrapper-master\build\obj\win32\release\idirect3dvertexbuffer8.obj
i:\d3d8-wrapper-master\d3d8-wrapper-master\build\obj\win32\release\idirect3dtexture8.obj
i:\d3d8-wrapper-master\d3d8-wrapper-master\build\obj\win32\release\idirect3dswapchain8.obj
i:\d3d8-wrapper-master\d3d8-wrapper-master\build\obj\win32\release\idirect3dsurface8.obj
i:\d3d8-wrapper-master\d3d8-wrapper-master\build\obj\win32\release\idirect3dindexbuffer8.obj
i:\d3d8-wrapper-master\d3d8-wrapper-master\build\obj\win32\release\idirect3ddevice8.obj
i:\d3d8-wrapper-master\d3d8-wrapper-master\build\obj\win32\release\idirect3dcubetexture8.obj
i:\d3d8-wrapper-master\d3d8-wrapper-master\build\obj\win32\release\idirect3d8.obj
i:\d3d8-wrapper-master\d3d8-wrapper-master\data\d3d8.dll
i:\d3d8-wrapper-master\d3d8-wrapper-master\data\d3d8.pdb
i:\d3d8-wrapper-master\d3d8-wrapper-master\build\obj\win32\release\versioninfo.res
i:\d3d8-wrapper-master\d3d8-wrapper-master\data\d3d8.lib
i:\d3d8-wrapper-master\d3d8-wrapper-master\data\d3d8.exp
i:\d3d8-wrapper-master\d3d8-wrapper-master\build\obj\win32\release\d3d8-wrapper.tlog\cl.command.1.tlog
i:\d3d8-wrapper-master\d3d8-wrapper-master\build\obj\win32\release\d3d8-wrapper.tlog\cl.items.tlog
i:\d3d8-wrapper-master\d3d8-wrapper-master\build\obj\win32\release\d3d8-wrapper.tlog\cl.read.1.tlog
i:\d3d8-wrapper-master\d3d8-wrapper-master\build\obj\win32\release\d3d8-wrapper.tlog\cl.write.1.tlog
i:\d3d8-wrapper-master\d3d8-wrapper-master\build\obj\win32\release\d3d8-wrapper.tlog\link.command.1.tlog
i:\d3d8-wrapper-master\d3d8-wrapper-master\build\obj\win32\release\d3d8-wrapper.tlog\link.read.1.tlog
i:\d3d8-wrapper-master\d3d8-wrapper-master\build\obj\win32\release\d3d8-wrapper.tlog\link.secondary.1.tlog
i:\d3d8-wrapper-master\d3d8-wrapper-master\build\obj\win32\release\d3d8-wrapper.tlog\link.write.1.tlog
i:\d3d8-wrapper-master\d3d8-wrapper-master\build\obj\win32\release\d3d8-wrapper.tlog\rc.command.1.tlog
i:\d3d8-wrapper-master\d3d8-wrapper-master\build\obj\win32\release\d3d8-wrapper.tlog\rc.read.1.tlog
i:\d3d8-wrapper-master\d3d8-wrapper-master\build\obj\win32\release\d3d8-wrapper.tlog\rc.write.1.tlog
